<?xml version="1.0" encoding="UTF-8"?>
<!-- Generated by org.testng.reporters.JUnitReportReporter -->
<testsuite hostname="UDS-USER-69" failures="0" tests="1" name="TestMobexo.ExtentRepoertsTestNG" time="5.631" errors="0" timestamp="2022-04-25T13:11:30 EEST" skipped="0">
  <testcase classname="TestMobexo.ExtentRepoertsTestNG" name="test1" time="5.631"/>
  <system-out/>
</testsuite> <!-- TestMobexo.ExtentRepoertsTestNG -->
