<?xml version="1.0" encoding="UTF-8"?>
<!-- Generated by org.testng.reporters.JUnitReportReporter -->
<testsuite hostname="UDS-USER-69" failures="0" tests="3" name="TestMobexo.IngnoreTests" time="9.588" errors="0" timestamp="2022-05-15T12:25:15 EEST" skipped="0">
  <testcase classname="TestMobexo.IngnoreTests" name="Test2" time="3.558"/>
  <system-out/>
  <testcase classname="TestMobexo.IngnoreTests" name="Test3" time="3.048"/>
  <system-out/>
  <testcase classname="TestMobexo.IngnoreTests" name="Test4" time="2.982"/>
  <system-out/>
</testsuite> <!-- TestMobexo.IngnoreTests -->
