<?xml version="1.0" encoding="UTF-8"?>
<!-- Generated by org.testng.reporters.JUnitReportReporter -->
<testsuite hostname="UDS-USER-69" failures="0" tests="2" name="TestMobexo.TestDependency" time="7.509" errors="0" timestamp="2022-05-14T21:26:20 EEST" skipped="0">
  <testcase classname="TestMobexo.TestDependency" name="Test1" time="3.454"/>
  <system-out/>
  <testcase classname="TestMobexo.TestDependency" name="Test4" time="4.055"/>
  <system-out/>
</testsuite> <!-- TestMobexo.TestDependency -->
