<?xml version="1.0" encoding="UTF-8"?>
<!-- Generated by org.testng.reporters.JUnitReportReporter -->
<testsuite hostname="UDS-USER-69" failures="0" tests="4" name="TestMobexo.Reruntests" time="12.434" errors="0" timestamp="2022-05-15T13:00:34 EEST" skipped="0">
  <testcase classname="TestMobexo.Reruntests" name="Test1" time="3.601"/>
  <system-out/>
  <testcase classname="TestMobexo.Reruntests" name="Test2" time="3.283"/>
  <system-out/>
  <testcase classname="TestMobexo.Reruntests" name="Test3" time="2.770"/>
  <system-out/>
  <testcase classname="TestMobexo.Reruntests" name="Test4" time="2.780"/>
  <system-out/>
</testsuite> <!-- TestMobexo.Reruntests -->
