<?xml version="1.0" encoding="UTF-8"?>
<!-- Generated by org.testng.reporters.JUnitReportReporter -->
<testsuite hostname="UDS-USER-69" failures="0" tests="3" name="TestMobexo.Crossbrowser" time="21.487" errors="0" timestamp="2022-05-09T11:03:35 EEST" skipped="0">
  <testcase classname="TestMobexo.Crossbrowser" name="SearchObjectTest" time="8.335"/>
  <system-out/>
  <testcase classname="TestMobexo.Crossbrowser" name="SearchObjectTest" time="5.199"/>
  <system-out/>
  <testcase classname="TestMobexo.Crossbrowser" name="SearchObjectTest" time="7.953"/>
  <system-out/>
</testsuite> <!-- TestMobexo.Crossbrowser -->
