<?xml version="1.0" encoding="UTF-8"?>
<!-- Generated by org.testng.reporters.JUnitReportReporter -->
<testsuite hostname="UDS-USER-69" failures="0" tests="2" name="TestMobexo.Groups" time="5.879" errors="0" timestamp="2022-05-09T18:33:31 EEST" skipped="0">
  <testcase classname="TestMobexo.Groups" name="Test4" time="2.811"/>
  <system-out/>
  <testcase classname="TestMobexo.Groups" name="Test3" time="3.068"/>
  <system-out/>
</testsuite> <!-- TestMobexo.Groups -->
