<?xml version="1.0" encoding="UTF-8"?>
<!-- Generated by org.testng.reporters.JUnitReportReporter -->
<testsuite hostname="UDS-USER-69" failures="0" tests="1" name="TestMobexo.TestNGParametersDemo" time="0.037" errors="0" timestamp="2022-05-14T12:23:10 EEST" skipped="0">
  <testcase classname="TestMobexo.TestNGParametersDemo" name="Test1" time="0.037"/>
  <system-out/>
</testsuite> <!-- TestMobexo.TestNGParametersDemo -->
