<?xml version="1.0" encoding="UTF-8"?>
<!-- Generated by org.testng.reporters.JUnitReportReporter -->
<testsuite hostname="UDS-USER-69" failures="0" tests="4" name="TestMobexo.GroupsParameters" time="13.603" errors="0" timestamp="2022-05-14T20:41:05 EEST" skipped="0">
  <testcase classname="TestMobexo.GroupsParameters" name="Test1" time="3.989"/>
  <system-out/>
  <testcase classname="TestMobexo.GroupsParameters" name="Test3" time="2.737"/>
  <system-out/>
  <testcase classname="TestMobexo.GroupsParameters" name="Test2" time="3.243"/>
  <system-out/>
  <testcase classname="TestMobexo.GroupsParameters" name="Test4" time="3.634"/>
  <system-out/>
</testsuite> <!-- TestMobexo.GroupsParameters -->
